This is XeTeX, Version 3.14159265-2.6-0.99991 (TeX Live 2014) (preloaded format=xelatex 2015.2.16)  25 DEC 2015 23:47
entering extended mode
 restricted \write18 enabled.
 %&-line parsing enabled.
**AJ.tex
(./AJ.tex
LaTeX2e <2014/05/01>
Babel <3.9k> and hyphenation patterns for 21 languages loaded.

! LaTeX Error: File `towcenter-book.cls' not found.

Type X to quit or <RETURN> to proceed,
or enter new name. (Default extension: cls)

Enter file name: x

 )
(\end occurred when \ifx on line 2 was incomplete)
(\end occurred when \ifx on line 2 was incomplete) 
Here is how much of TeX's memory you used:
 9 strings out of 495177
 107 string characters out of 6175607
 47323 words of memory out of 5000000
 3350 multiletter control sequences out of 15000+600000
 3640 words of font info for 14 fonts, out of 8000000 for 9000
 319 hyphenation exceptions out of 8191
 10i,0n,7p,70b,8s stack positions out of 5000i,500n,10000p,200000b,80000s

No pages of output.
